0 info it worked if it ends with ok
1 verbose cli [ '/usr/local/bin/node',
1 verbose cli   '/Users/avg206/.npm-packages/bin/npm',
1 verbose cli   'start' ]
2 info using npm@3.10.6
3 info using node@v6.3.0
4 verbose run-script [ 'prestart', 'start', 'poststart' ]
5 info lifecycle epam-brest-hackathon@0.0.1~prestart: epam-brest-hackathon@0.0.1
6 silly lifecycle epam-brest-hackathon@0.0.1~prestart: no script for prestart, continuing
7 info lifecycle epam-brest-hackathon@0.0.1~start: epam-brest-hackathon@0.0.1
8 verbose lifecycle epam-brest-hackathon@0.0.1~start: unsafe-perm in lifecycle true
9 verbose lifecycle epam-brest-hackathon@0.0.1~start: PATH: /Users/avg206/.npm-packages/lib/node_modules/npm/bin/node-gyp-bin:/Users/avg206/Work/React/epam-brest-hackathon/node_modules/.bin:/Users/avg206/.npm-packages/bin:/Users/avg206/.npm-packages/bin:/Users/avg206/.npm-packages/bin:/Users/avg206/.npm-packages/bin:/opt/X11/include/pixman-1:/opt/local/bin:/opt/local/sbin:/usr/local/bin:/usr/bin:/bin:/usr/sbin:/sbin:/opt/X11/bin:/usr/local/share/dotnet
10 verbose lifecycle epam-brest-hackathon@0.0.1~start: CWD: /Users/avg206/Work/React/epam-brest-hackathon
11 silly lifecycle epam-brest-hackathon@0.0.1~start: Args: [ '-c', 'node index.js' ]
12 silly lifecycle epam-brest-hackathon@0.0.1~start: Returned: code: 1  signal: null
13 info lifecycle epam-brest-hackathon@0.0.1~start: Failed to exec start script
14 verbose stack Error: epam-brest-hackathon@0.0.1 start: `node index.js`
14 verbose stack Exit status 1
14 verbose stack     at EventEmitter.<anonymous> (/Users/avg206/.npm-packages/lib/node_modules/npm/lib/utils/lifecycle.js:255:16)
14 verbose stack     at emitTwo (events.js:106:13)
14 verbose stack     at EventEmitter.emit (events.js:191:7)
14 verbose stack     at ChildProcess.<anonymous> (/Users/avg206/.npm-packages/lib/node_modules/npm/lib/utils/spawn.js:40:14)
14 verbose stack     at emitTwo (events.js:106:13)
14 verbose stack     at ChildProcess.emit (events.js:191:7)
14 verbose stack     at maybeClose (internal/child_process.js:852:16)
14 verbose stack     at Process.ChildProcess._handle.onexit (internal/child_process.js:215:5)
15 verbose pkgid epam-brest-hackathon@0.0.1
16 verbose cwd /Users/avg206/Work/React/epam-brest-hackathon
17 error Darwin 15.6.0
18 error argv "/usr/local/bin/node" "/Users/avg206/.npm-packages/bin/npm" "start"
19 error node v6.3.0
20 error npm  v3.10.6
21 error code ELIFECYCLE
22 error epam-brest-hackathon@0.0.1 start: `node index.js`
22 error Exit status 1
23 error Failed at the epam-brest-hackathon@0.0.1 start script 'node index.js'.
23 error Make sure you have the latest version of node.js and npm installed.
23 error If you do, this is most likely a problem with the epam-brest-hackathon package,
23 error not with npm itself.
23 error Tell the author that this fails on your system:
23 error     node index.js
23 error You can get information on how to open an issue for this project with:
23 error     npm bugs epam-brest-hackathon
23 error Or if that isn't available, you can get their info via:
23 error     npm owner ls epam-brest-hackathon
23 error There is likely additional logging output above.
24 verbose exit [ 1, true ]
